<?xml version="1.0" encoding="UTF-8"?>
<testng-results skipped="1" failed="0" total="1" passed="0">
  <reporter-output>
  </reporter-output>
  <suite name="Default suite" duration-ms="91" started-at="2016-07-13T02:52:09Z" finished-at="2016-07-13T02:52:09Z">
    <groups>
    </groups>
    <test name="Default test" duration-ms="91" started-at="2016-07-13T02:52:09Z" finished-at="2016-07-13T02:52:09Z">
      <class name="test.CreateScholarship">
        <test-method status="FAIL" signature="setUp(java.lang.String)[pri:0, instance:test.CreateScholarship@7fa833]" name="setUp" is-config="true" duration-ms="0" started-at="2016-07-13T09:52:09Z" finished-at="2016-07-13T09:52:09Z">
          <exception class="org.testng.TestNGException">
            <message>
              <![CDATA[
Parameter 'browser' is required by @Configuration on method setUp but has not been marked @Optional or defined
in C:\Users\Computer\AppData\Local\Temp\testng-eclipse--264473502\testng-customsuite.xml]]>
            </message>
            <full-stacktrace>
              <![CDATA[org.testng.TestNGException: 
Parameter 'browser' is required by @Configuration on method setUp but has not been marked @Optional or defined
in C:\Users\Computer\AppData\Local\Temp\testng-eclipse--264473502\testng-customsuite.xml
	at org.testng.internal.Parameters.createParameters(Parameters.java:154)
	at org.testng.internal.Parameters.createParameters(Parameters.java:361)
	at org.testng.internal.Parameters.createConfigurationParameters(Parameters.java:84)
	at org.testng.internal.Invoker.invokeConfigurations(Invoker.java:197)
	at org.testng.internal.Invoker.invokeConfigurations(Invoker.java:138)
	at org.testng.TestRunner.beforeRun(TestRunner.java:648)
	at org.testng.TestRunner.run(TestRunner.java:616)
	at org.testng.SuiteRunner.runTest(SuiteRunner.java:359)
	at org.testng.SuiteRunner.runSequentially(SuiteRunner.java:354)
	at org.testng.SuiteRunner.privateRun(SuiteRunner.java:312)
	at org.testng.SuiteRunner.run(SuiteRunner.java:261)
	at org.testng.SuiteRunnerWorker.runSuite(SuiteRunnerWorker.java:52)
	at org.testng.SuiteRunnerWorker.run(SuiteRunnerWorker.java:86)
	at org.testng.TestNG.runSuitesSequentially(TestNG.java:1215)
	at org.testng.TestNG.runSuitesLocally(TestNG.java:1140)
	at org.testng.TestNG.run(TestNG.java:1048)
	at org.testng.remote.AbstractRemoteTestNG.run(AbstractRemoteTestNG.java:126)
	at org.testng.remote.RemoteTestNG.initAndRun(RemoteTestNG.java:137)
	at org.testng.remote.RemoteTestNG.main(RemoteTestNG.java:58)
]]>
            </full-stacktrace>
          </exception> <!-- org.testng.TestNGException -->
          <reporter-output>
          </reporter-output>
        </test-method> <!-- setUp -->
        <test-method status="SKIP" signature="Testbuying1()[pri:0, instance:test.CreateScholarship@7fa833]" name="Testbuying1" duration-ms="25" started-at="2016-07-13T09:52:09Z" finished-at="2016-07-13T09:52:09Z">
          <reporter-output>
          </reporter-output>
        </test-method> <!-- Testbuying1 -->
        <test-method status="SKIP" signature="tearDown()[pri:0, instance:test.CreateScholarship@7fa833]" name="tearDown" is-config="true" duration-ms="0" started-at="2016-07-13T09:52:09Z" finished-at="2016-07-13T09:52:09Z">
          <reporter-output>
          </reporter-output>
        </test-method> <!-- tearDown -->
      </class> <!-- test.CreateScholarship -->
    </test> <!-- Default test -->
  </suite> <!-- Default suite -->
</testng-results>
